<?xml version="1.0" encoding="UTF-8"?>
<!-- Generated by org.testng.reporters.JUnitReportReporter -->
<testsuite hostname="SONY" failures="0" tests="2" name="TestNGexample.Example2" time="0.016" errors="0" timestamp="2024-08-21T20:18:50 IST" skipped="0">
  <testcase classname="TestNGexample.Example2" name="testCaseActitime" time="0.013"/>
  <testcase classname="TestNGexample.Example2" name="testCaseOrangeHrm" time="0.003"/>
</testsuite> <!-- TestNGexample.Example2 -->
