<?xml version="1.0" encoding="UTF-8"?>
<!-- Generated by org.testng.reporters.JUnitReportReporter -->
<testsuite hostname="SONY" failures="0" tests="1" name="TestNGexample.Example3" time="11.318" errors="0" timestamp="2024-08-21T20:45:25 IST" skipped="0">
  <testcase classname="TestNGexample.Example3" name="Login" time="11.318"/>
</testsuite> <!-- TestNGexample.Example3 -->
